<?xml version="1.0" encoding="UTF-8"?>
<!-- Generated by org.testng.reporters.JUnitReportReporter -->
<testsuite skipped="0" hostname="DESKTOP-LQ332S6" name="com.qa.Rediff.TestCase.RediffTestCases" tests="1" failures="0" timestamp="2021-03-04T09:52:54 IST" time="0.010" errors="0">
  <testcase name="testt" time="0.010" classname="com.qa.Rediff.TestCase.RediffTestCases"/>
</testsuite> <!-- com.qa.Rediff.TestCase.RediffTestCases -->
